[INFO  - 2021-06-07T11:39:43.040Z] GhostDriver - Main - running on port 34804
[INFO  - 2021-06-07T11:39:43.633Z] Session [0d8415b0-c785-11eb-b920-2773e73ffbe3] - page.settings - {"XSSAuditingEnabled":false,"javascriptCanCloseWindows":true,"javascriptCanOpenWindows":true,"javascriptEnabled":true,"loadImages":true,"localToRemoteUrlAccessEnabled":false,"userAgent":"Mozilla/5.0 (Macintosh; Intel Mac OS X) AppleWebKit/538.1 (KHTML, like Gecko) PhantomJS/2.1.1 Safari/538.1","webSecurityEnabled":true}
[INFO  - 2021-06-07T11:39:43.634Z] Session [0d8415b0-c785-11eb-b920-2773e73ffbe3] - page.customHeaders:  - {}
[INFO  - 2021-06-07T11:39:43.634Z] Session [0d8415b0-c785-11eb-b920-2773e73ffbe3] - Session.negotiatedCapabilities - {"browserName":"phantomjs","version":"2.1.1","driverName":"ghostdriver","driverVersion":"1.2.0","platform":"mac-unknown-64bit","javascriptEnabled":true,"takesScreenshot":true,"handlesAlerts":false,"databaseEnabled":false,"locationContextEnabled":false,"applicationCacheEnabled":false,"browserConnectionEnabled":false,"cssSelectorsEnabled":true,"webStorageEnabled":false,"rotatable":false,"acceptSslCerts":false,"nativeEvents":true,"proxy":{"proxyType":"direct"}}
[INFO  - 2021-06-07T11:39:43.634Z] SessionManagerReqHand - _postNewSessionCommand - New Session Created: 0d8415b0-c785-11eb-b920-2773e73ffbe3
[ERROR - 2021-06-07T11:40:19.014Z] WebElementLocator - _handleLocateCommand - Element(s) NOT Found: GAVE UP. Search Stop Time: 1623066018977
[INFO  - 2021-06-07T11:44:43.529Z] SessionManagerReqHand - _cleanupWindowlessSessions - Asynchronous Sessions clean-up phase starting NOW
[INFO  - 2021-06-07T11:49:43.138Z] SessionManagerReqHand - _cleanupWindowlessSessions - Asynchronous Sessions clean-up phase starting NOW
[INFO  - 2021-06-07T11:54:43.047Z] SessionManagerReqHand - _cleanupWindowlessSessions - Asynchronous Sessions clean-up phase starting NOW
[INFO  - 2021-06-07T11:59:43.045Z] SessionManagerReqHand - _cleanupWindowlessSessions - Asynchronous Sessions clean-up phase starting NOW
[INFO  - 2021-06-07T12:04:43.056Z] SessionManagerReqHand - _cleanupWindowlessSessions - Asynchronous Sessions clean-up phase starting NOW
[INFO  - 2021-06-07T12:09:43.063Z] SessionManagerReqHand - _cleanupWindowlessSessions - Asynchronous Sessions clean-up phase starting NOW
[INFO  - 2021-06-07T12:12:30.853Z] GhostDriver - Main - running on port 23058
[INFO  - 2021-06-07T12:12:32.625Z] Session [a31f3330-c789-11eb-92c0-331d19178b70] - page.settings - {"XSSAuditingEnabled":false,"javascriptCanCloseWindows":true,"javascriptCanOpenWindows":true,"javascriptEnabled":true,"loadImages":true,"localToRemoteUrlAccessEnabled":false,"userAgent":"Mozilla/5.0 (Macintosh; Intel Mac OS X) AppleWebKit/538.1 (KHTML, like Gecko) PhantomJS/2.1.1 Safari/538.1","webSecurityEnabled":true}
[INFO  - 2021-06-07T12:12:32.625Z] Session [a31f3330-c789-11eb-92c0-331d19178b70] - page.customHeaders:  - {}
[INFO  - 2021-06-07T12:12:32.625Z] Session [a31f3330-c789-11eb-92c0-331d19178b70] - Session.negotiatedCapabilities - {"browserName":"phantomjs","version":"2.1.1","driverName":"ghostdriver","driverVersion":"1.2.0","platform":"mac-unknown-64bit","javascriptEnabled":true,"takesScreenshot":true,"handlesAlerts":false,"databaseEnabled":false,"locationContextEnabled":false,"applicationCacheEnabled":false,"browserConnectionEnabled":false,"cssSelectorsEnabled":true,"webStorageEnabled":false,"rotatable":false,"acceptSslCerts":false,"nativeEvents":true,"proxy":{"proxyType":"direct"}}
[INFO  - 2021-06-07T12:12:32.625Z] SessionManagerReqHand - _postNewSessionCommand - New Session Created: a31f3330-c789-11eb-92c0-331d19178b70
[ERROR - 2021-06-07T12:13:39.430Z] WebElementLocator - _handleLocateCommand - Element(s) NOT Found: GAVE UP. Search Stop Time: 1623068019397
[INFO  - 2021-06-07T12:14:43.073Z] SessionManagerReqHand - _cleanupWindowlessSessions - Asynchronous Sessions clean-up phase starting NOW
[INFO  - 2021-06-07T12:17:30.954Z] SessionManagerReqHand - _cleanupWindowlessSessions - Asynchronous Sessions clean-up phase starting NOW
[INFO  - 2021-06-07T12:19:43.073Z] SessionManagerReqHand - _cleanupWindowlessSessions - Asynchronous Sessions clean-up phase starting NOW
[INFO  - 2021-06-07T12:21:41.233Z] GhostDriver - Main - running on port 11970
[INFO  - 2021-06-07T12:21:41.635Z] Session [ea5c8bc0-c78a-11eb-ac6a-27b508422f35] - page.settings - {"XSSAuditingEnabled":false,"javascriptCanCloseWindows":true,"javascriptCanOpenWindows":true,"javascriptEnabled":true,"loadImages":true,"localToRemoteUrlAccessEnabled":false,"userAgent":"Mozilla/5.0 (Macintosh; Intel Mac OS X) AppleWebKit/538.1 (KHTML, like Gecko) PhantomJS/2.1.1 Safari/538.1","webSecurityEnabled":true}
[INFO  - 2021-06-07T12:21:41.635Z] Session [ea5c8bc0-c78a-11eb-ac6a-27b508422f35] - page.customHeaders:  - {}
[INFO  - 2021-06-07T12:21:41.637Z] Session [ea5c8bc0-c78a-11eb-ac6a-27b508422f35] - Session.negotiatedCapabilities - {"browserName":"phantomjs","version":"2.1.1","driverName":"ghostdriver","driverVersion":"1.2.0","platform":"mac-unknown-64bit","javascriptEnabled":true,"takesScreenshot":true,"handlesAlerts":false,"databaseEnabled":false,"locationContextEnabled":false,"applicationCacheEnabled":false,"browserConnectionEnabled":false,"cssSelectorsEnabled":true,"webStorageEnabled":false,"rotatable":false,"acceptSslCerts":false,"nativeEvents":true,"proxy":{"proxyType":"direct"}}
[INFO  - 2021-06-07T12:21:41.637Z] SessionManagerReqHand - _postNewSessionCommand - New Session Created: ea5c8bc0-c78a-11eb-ac6a-27b508422f35
[ERROR - 2021-06-07T12:22:15.703Z] WebElementLocator - _handleLocateCommand - Element(s) NOT Found: GAVE UP. Search Stop Time: 1623068535677
[INFO  - 2021-06-07T12:22:30.874Z] SessionManagerReqHand - _cleanupWindowlessSessions - Asynchronous Sessions clean-up phase starting NOW
[INFO  - 2021-06-07T12:24:43.091Z] SessionManagerReqHand - _cleanupWindowlessSessions - Asynchronous Sessions clean-up phase starting NOW
[INFO  - 2021-06-07T12:41:34.075Z] SessionManagerReqHand - _cleanupWindowlessSessions - Asynchronous Sessions clean-up phase starting NOW
[INFO  - 2021-06-07T12:42:23.771Z] SessionManagerReqHand - _cleanupWindowlessSessions - Asynchronous Sessions clean-up phase starting NOW
[INFO  - 2021-06-07T12:44:35.855Z] SessionManagerReqHand - _cleanupWindowlessSessions - Asynchronous Sessions clean-up phase starting NOW
[INFO  - 2021-06-07T12:46:34.032Z] SessionManagerReqHand - _cleanupWindowlessSessions - Asynchronous Sessions clean-up phase starting NOW
[INFO  - 2021-06-07T12:47:23.773Z] SessionManagerReqHand - _cleanupWindowlessSessions - Asynchronous Sessions clean-up phase starting NOW
[INFO  - 2021-06-07T12:49:35.855Z] SessionManagerReqHand - _cleanupWindowlessSessions - Asynchronous Sessions clean-up phase starting NOW
[INFO  - 2021-06-07T12:51:34.017Z] SessionManagerReqHand - _cleanupWindowlessSessions - Asynchronous Sessions clean-up phase starting NOW
[INFO  - 2021-06-07T12:52:23.776Z] SessionManagerReqHand - _cleanupWindowlessSessions - Asynchronous Sessions clean-up phase starting NOW
[INFO  - 2021-06-07T12:54:35.859Z] SessionManagerReqHand - _cleanupWindowlessSessions - Asynchronous Sessions clean-up phase starting NOW
[INFO  - 2021-06-07T12:56:34.029Z] SessionManagerReqHand - _cleanupWindowlessSessions - Asynchronous Sessions clean-up phase starting NOW
[INFO  - 2021-06-07T12:57:23.778Z] SessionManagerReqHand - _cleanupWindowlessSessions - Asynchronous Sessions clean-up phase starting NOW
[INFO  - 2021-06-07T12:59:35.859Z] SessionManagerReqHand - _cleanupWindowlessSessions - Asynchronous Sessions clean-up phase starting NOW
[INFO  - 2021-06-07T13:01:34.033Z] SessionManagerReqHand - _cleanupWindowlessSessions - Asynchronous Sessions clean-up phase starting NOW
[INFO  - 2021-06-07T13:02:23.778Z] SessionManagerReqHand - _cleanupWindowlessSessions - Asynchronous Sessions clean-up phase starting NOW
[INFO  - 2021-06-07T13:04:35.859Z] SessionManagerReqHand - _cleanupWindowlessSessions - Asynchronous Sessions clean-up phase starting NOW
[INFO  - 2021-06-07T13:06:34.035Z] SessionManagerReqHand - _cleanupWindowlessSessions - Asynchronous Sessions clean-up phase starting NOW
[INFO  - 2021-06-07T13:07:23.779Z] SessionManagerReqHand - _cleanupWindowlessSessions - Asynchronous Sessions clean-up phase starting NOW
[INFO  - 2021-06-07T13:09:35.858Z] SessionManagerReqHand - _cleanupWindowlessSessions - Asynchronous Sessions clean-up phase starting NOW
[INFO  - 2021-06-07T13:11:34.035Z] SessionManagerReqHand - _cleanupWindowlessSessions - Asynchronous Sessions clean-up phase starting NOW
[INFO  - 2021-06-07T13:12:23.788Z] SessionManagerReqHand - _cleanupWindowlessSessions - Asynchronous Sessions clean-up phase starting NOW
[INFO  - 2021-06-07T13:14:35.859Z] SessionManagerReqHand - _cleanupWindowlessSessions - Asynchronous Sessions clean-up phase starting NOW
[INFO  - 2021-06-07T13:16:34.033Z] SessionManagerReqHand - _cleanupWindowlessSessions - Asynchronous Sessions clean-up phase starting NOW
[INFO  - 2021-06-07T13:17:23.780Z] SessionManagerReqHand - _cleanupWindowlessSessions - Asynchronous Sessions clean-up phase starting NOW
[INFO  - 2021-06-07T13:19:35.860Z] SessionManagerReqHand - _cleanupWindowlessSessions - Asynchronous Sessions clean-up phase starting NOW
[INFO  - 2021-06-07T13:21:34.034Z] SessionManagerReqHand - _cleanupWindowlessSessions - Asynchronous Sessions clean-up phase starting NOW
[INFO  - 2021-06-07T13:22:23.789Z] SessionManagerReqHand - _cleanupWindowlessSessions - Asynchronous Sessions clean-up phase starting NOW
[INFO  - 2021-06-07T13:24:35.861Z] SessionManagerReqHand - _cleanupWindowlessSessions - Asynchronous Sessions clean-up phase starting NOW
[INFO  - 2021-06-07T13:26:34.039Z] SessionManagerReqHand - _cleanupWindowlessSessions - Asynchronous Sessions clean-up phase starting NOW
[INFO  - 2021-06-07T13:27:23.785Z] SessionManagerReqHand - _cleanupWindowlessSessions - Asynchronous Sessions clean-up phase starting NOW
[INFO  - 2021-06-07T13:29:35.858Z] SessionManagerReqHand - _cleanupWindowlessSessions - Asynchronous Sessions clean-up phase starting NOW
[INFO  - 2021-06-07T13:31:34.039Z] SessionManagerReqHand - _cleanupWindowlessSessions - Asynchronous Sessions clean-up phase starting NOW
[INFO  - 2021-06-07T18:47:28.883Z] SessionManagerReqHand - _cleanupWindowlessSessions - Asynchronous Sessions clean-up phase starting NOW
[INFO  - 2021-06-07T18:49:39.961Z] SessionManagerReqHand - _cleanupWindowlessSessions - Asynchronous Sessions clean-up phase starting NOW
[INFO  - 2021-06-07T18:51:38.150Z] SessionManagerReqHand - _cleanupWindowlessSessions - Asynchronous Sessions clean-up phase starting NOW
[INFO  - 2021-06-07T18:52:27.907Z] SessionManagerReqHand - _cleanupWindowlessSessions - Asynchronous Sessions clean-up phase starting NOW
[INFO  - 2021-06-07T18:54:39.996Z] SessionManagerReqHand - _cleanupWindowlessSessions - Asynchronous Sessions clean-up phase starting NOW
[INFO  - 2021-06-07T18:56:38.888Z] SessionManagerReqHand - _cleanupWindowlessSessions - Asynchronous Sessions clean-up phase starting NOW
[INFO  - 2021-06-07T18:57:27.941Z] SessionManagerReqHand - _cleanupWindowlessSessions - Asynchronous Sessions clean-up phase starting NOW
[INFO  - 2021-06-07T18:59:39.969Z] SessionManagerReqHand - _cleanupWindowlessSessions - Asynchronous Sessions clean-up phase starting NOW
[INFO  - 2021-06-07T19:01:38.876Z] SessionManagerReqHand - _cleanupWindowlessSessions - Asynchronous Sessions clean-up phase starting NOW
[INFO  - 2021-06-07T19:02:27.929Z] SessionManagerReqHand - _cleanupWindowlessSessions - Asynchronous Sessions clean-up phase starting NOW
[INFO  - 2021-06-07T19:04:39.975Z] SessionManagerReqHand - _cleanupWindowlessSessions - Asynchronous Sessions clean-up phase starting NOW
[INFO  - 2021-06-07T19:06:38.932Z] SessionManagerReqHand - _cleanupWindowlessSessions - Asynchronous Sessions clean-up phase starting NOW
[INFO  - 2021-06-07T19:07:27.963Z] SessionManagerReqHand - _cleanupWindowlessSessions - Asynchronous Sessions clean-up phase starting NOW
[INFO  - 2021-06-07T19:09:40.000Z] SessionManagerReqHand - _cleanupWindowlessSessions - Asynchronous Sessions clean-up phase starting NOW
[INFO  - 2021-06-07T19:11:38.938Z] SessionManagerReqHand - _cleanupWindowlessSessions - Asynchronous Sessions clean-up phase starting NOW
[INFO  - 2021-06-07T19:12:27.981Z] SessionManagerReqHand - _cleanupWindowlessSessions - Asynchronous Sessions clean-up phase starting NOW
[INFO  - 2021-06-07T19:14:40.013Z] SessionManagerReqHand - _cleanupWindowlessSessions - Asynchronous Sessions clean-up phase starting NOW
[INFO  - 2021-06-07T19:16:38.935Z] SessionManagerReqHand - _cleanupWindowlessSessions - Asynchronous Sessions clean-up phase starting NOW
[INFO  - 2021-06-07T19:17:28.000Z] SessionManagerReqHand - _cleanupWindowlessSessions - Asynchronous Sessions clean-up phase starting NOW
[INFO  - 2021-06-07T19:19:40.048Z] SessionManagerReqHand - _cleanupWindowlessSessions - Asynchronous Sessions clean-up phase starting NOW
[INFO  - 2021-06-07T19:21:38.951Z] SessionManagerReqHand - _cleanupWindowlessSessions - Asynchronous Sessions clean-up phase starting NOW
[INFO  - 2021-06-07T19:22:28.010Z] SessionManagerReqHand - _cleanupWindowlessSessions - Asynchronous Sessions clean-up phase starting NOW
[INFO  - 2021-06-07T19:24:40.046Z] SessionManagerReqHand - _cleanupWindowlessSessions - Asynchronous Sessions clean-up phase starting NOW
[INFO  - 2021-06-07T19:26:38.990Z] SessionManagerReqHand - _cleanupWindowlessSessions - Asynchronous Sessions clean-up phase starting NOW
[INFO  - 2021-06-07T19:27:28.016Z] SessionManagerReqHand - _cleanupWindowlessSessions - Asynchronous Sessions clean-up phase starting NOW
[INFO  - 2021-06-07T19:29:40.104Z] SessionManagerReqHand - _cleanupWindowlessSessions - Asynchronous Sessions clean-up phase starting NOW
[INFO  - 2021-06-07T19:31:38.976Z] SessionManagerReqHand - _cleanupWindowlessSessions - Asynchronous Sessions clean-up phase starting NOW
[INFO  - 2021-06-07T19:32:28.024Z] SessionManagerReqHand - _cleanupWindowlessSessions - Asynchronous Sessions clean-up phase starting NOW
[INFO  - 2021-06-07T19:34:40.071Z] SessionManagerReqHand - _cleanupWindowlessSessions - Asynchronous Sessions clean-up phase starting NOW
[INFO  - 2021-06-07T19:36:38.984Z] SessionManagerReqHand - _cleanupWindowlessSessions - Asynchronous Sessions clean-up phase starting NOW
[INFO  - 2021-06-07T19:37:28.094Z] SessionManagerReqHand - _cleanupWindowlessSessions - Asynchronous Sessions clean-up phase starting NOW
[INFO  - 2021-06-07T19:39:40.671Z] SessionManagerReqHand - _cleanupWindowlessSessions - Asynchronous Sessions clean-up phase starting NOW
[INFO  - 2021-06-10T17:53:56.176Z] GhostDriver - Main - running on port 18487
[INFO  - 2021-06-10T17:53:56.909Z] Session [d3f35b70-ca14-11eb-9835-8bb43dc07359] - page.settings - {"XSSAuditingEnabled":false,"javascriptCanCloseWindows":true,"javascriptCanOpenWindows":true,"javascriptEnabled":true,"loadImages":true,"localToRemoteUrlAccessEnabled":false,"userAgent":"Mozilla/5.0 (Macintosh; Intel Mac OS X) AppleWebKit/538.1 (KHTML, like Gecko) PhantomJS/2.1.1 Safari/538.1","webSecurityEnabled":true}
[INFO  - 2021-06-10T17:53:56.910Z] Session [d3f35b70-ca14-11eb-9835-8bb43dc07359] - page.customHeaders:  - {}
[INFO  - 2021-06-10T17:53:56.912Z] Session [d3f35b70-ca14-11eb-9835-8bb43dc07359] - Session.negotiatedCapabilities - {"browserName":"phantomjs","version":"2.1.1","driverName":"ghostdriver","driverVersion":"1.2.0","platform":"mac-unknown-64bit","javascriptEnabled":true,"takesScreenshot":true,"handlesAlerts":false,"databaseEnabled":false,"locationContextEnabled":false,"applicationCacheEnabled":false,"browserConnectionEnabled":false,"cssSelectorsEnabled":true,"webStorageEnabled":false,"rotatable":false,"acceptSslCerts":false,"nativeEvents":true,"proxy":{"proxyType":"direct"}}
[INFO  - 2021-06-10T17:53:56.912Z] SessionManagerReqHand - _postNewSessionCommand - New Session Created: d3f35b70-ca14-11eb-9835-8bb43dc07359
[ERROR - 2021-06-10T17:54:33.884Z] WebElementLocator - _handleLocateCommand - Element(s) NOT Found: GAVE UP. Search Stop Time: 1623347673871
[INFO  - 2021-06-10T17:57:50.353Z] GhostDriver - Main - running on port 20427
[INFO  - 2021-06-10T17:57:50.974Z] Session [5f76d780-ca15-11eb-a80b-a19ddeff8c0f] - page.settings - {"XSSAuditingEnabled":false,"javascriptCanCloseWindows":true,"javascriptCanOpenWindows":true,"javascriptEnabled":true,"loadImages":true,"localToRemoteUrlAccessEnabled":false,"userAgent":"Mozilla/5.0 (Macintosh; Intel Mac OS X) AppleWebKit/538.1 (KHTML, like Gecko) PhantomJS/2.1.1 Safari/538.1","webSecurityEnabled":true}
[INFO  - 2021-06-10T17:57:50.974Z] Session [5f76d780-ca15-11eb-a80b-a19ddeff8c0f] - page.customHeaders:  - {}
[INFO  - 2021-06-10T17:57:50.975Z] Session [5f76d780-ca15-11eb-a80b-a19ddeff8c0f] - Session.negotiatedCapabilities - {"browserName":"phantomjs","version":"2.1.1","driverName":"ghostdriver","driverVersion":"1.2.0","platform":"mac-unknown-64bit","javascriptEnabled":true,"takesScreenshot":true,"handlesAlerts":false,"databaseEnabled":false,"locationContextEnabled":false,"applicationCacheEnabled":false,"browserConnectionEnabled":false,"cssSelectorsEnabled":true,"webStorageEnabled":false,"rotatable":false,"acceptSslCerts":false,"nativeEvents":true,"proxy":{"proxyType":"direct"}}
[INFO  - 2021-06-10T17:57:50.975Z] SessionManagerReqHand - _postNewSessionCommand - New Session Created: 5f76d780-ca15-11eb-a80b-a19ddeff8c0f
[ERROR - 2021-06-10T17:58:27.914Z] WebElementLocator - _handleLocateCommand - Element(s) NOT Found: GAVE UP. Search Stop Time: 1623347907840
[INFO  - 2021-06-10T17:58:56.257Z] SessionManagerReqHand - _cleanupWindowlessSessions - Asynchronous Sessions clean-up phase starting NOW
[INFO  - 2021-06-10T18:02:51.206Z] SessionManagerReqHand - _cleanupWindowlessSessions - Asynchronous Sessions clean-up phase starting NOW
[INFO  - 2021-06-10T18:03:35.736Z] GhostDriver - Main - running on port 41569
[INFO  - 2021-06-10T18:03:36.468Z] Session [2d650ae0-ca16-11eb-93b2-e51a7f8ffe94] - page.settings - {"XSSAuditingEnabled":false,"javascriptCanCloseWindows":true,"javascriptCanOpenWindows":true,"javascriptEnabled":true,"loadImages":true,"localToRemoteUrlAccessEnabled":false,"userAgent":"Mozilla/5.0 (Macintosh; Intel Mac OS X) AppleWebKit/538.1 (KHTML, like Gecko) PhantomJS/2.1.1 Safari/538.1","webSecurityEnabled":true}
[INFO  - 2021-06-10T18:03:36.468Z] Session [2d650ae0-ca16-11eb-93b2-e51a7f8ffe94] - page.customHeaders:  - {}
[INFO  - 2021-06-10T18:03:36.468Z] Session [2d650ae0-ca16-11eb-93b2-e51a7f8ffe94] - Session.negotiatedCapabilities - {"browserName":"phantomjs","version":"2.1.1","driverName":"ghostdriver","driverVersion":"1.2.0","platform":"mac-unknown-64bit","javascriptEnabled":true,"takesScreenshot":true,"handlesAlerts":false,"databaseEnabled":false,"locationContextEnabled":false,"applicationCacheEnabled":false,"browserConnectionEnabled":false,"cssSelectorsEnabled":true,"webStorageEnabled":false,"rotatable":false,"acceptSslCerts":false,"nativeEvents":true,"proxy":{"proxyType":"direct"}}
[INFO  - 2021-06-10T18:03:36.469Z] SessionManagerReqHand - _postNewSessionCommand - New Session Created: 2d650ae0-ca16-11eb-93b2-e51a7f8ffe94
[ERROR - 2021-06-10T18:03:38.791Z] Session [2d650ae0-ca16-11eb-93b2-e51a7f8ffe94] - page.onError - msg: ReferenceError: Can't find variable: Codeforces
[ERROR - 2021-06-10T18:03:38.792Z] Session [2d650ae0-ca16-11eb-93b2-e51a7f8ffe94] - page.onError - stack:
  global code (https://codeforces.com/:186)
[ERROR - 2021-06-10T18:03:39.270Z] Session [2d650ae0-ca16-11eb-93b2-e51a7f8ffe94] - page.onError - msg: ReferenceError: Can't find variable: Codeforces
[ERROR - 2021-06-10T18:03:39.271Z] Session [2d650ae0-ca16-11eb-93b2-e51a7f8ffe94] - page.onError - stack:
  (anonymous function) (https://codeforces.com/:282)
  fire (https://codeforces.org/s/96210/js/jquery-1.8.3.js:65)
  fireWith (https://codeforces.org/s/96210/js/jquery-1.8.3.js:70)
  ready (https://codeforces.org/s/96210/js/jquery-1.8.3.js:34)
  DOMContentLoaded (https://codeforces.org/s/96210/js/jquery-1.8.3.js:14)
[ERROR - 2021-06-10T18:03:40.144Z] Session [2d650ae0-ca16-11eb-93b2-e51a7f8ffe94] - page.onError - msg: ReferenceError: Can't find variable: Codeforces
[ERROR - 2021-06-10T18:03:40.144Z] Session [2d650ae0-ca16-11eb-93b2-e51a7f8ffe94] - page.onError - stack:
  (anonymous function) (undefined:6)
  execute (https://mathjax.codeforces.org/MathJax.js?config=TeX-AMS_HTML-full:1)
  cb (https://mathjax.codeforces.org/MathJax.js?config=TeX-AMS_HTML-full:1)
  Execute (https://mathjax.codeforces.org/MathJax.js?config=TeX-AMS_HTML-full:1)
  ExecuteHooks (https://mathjax.codeforces.org/MathJax.js?config=TeX-AMS_HTML-full:1)
  execute (https://mathjax.codeforces.org/MathJax.js?config=TeX-AMS_HTML-full:1)
  cb (https://mathjax.codeforces.org/MathJax.js?config=TeX-AMS_HTML-full:1)
  Execute (https://mathjax.codeforces.org/MathJax.js?config=TeX-AMS_HTML-full:1)
  Post (https://mathjax.codeforces.org/MathJax.js?config=TeX-AMS_HTML-full:1)
  execute (https://mathjax.codeforces.org/MathJax.js?config=TeX-AMS_HTML-full:1)
  cb (https://mathjax.codeforces.org/MathJax.js?config=TeX-AMS_HTML-full:1)
  Process (https://mathjax.codeforces.org/MathJax.js?config=TeX-AMS_HTML-full:1)
  call (https://mathjax.codeforces.org/MathJax.js?config=TeX-AMS_HTML-full:1)
  WAITEXECUTE (https://mathjax.codeforces.org/MathJax.js?config=TeX-AMS_HTML-full:1)
  cb (https://mathjax.codeforces.org/MathJax.js?config=TeX-AMS_HTML-full:1)
  Process (https://mathjax.codeforces.org/MathJax.js?config=TeX-AMS_HTML-full:1)
  call (https://mathjax.codeforces.org/MathJax.js?config=TeX-AMS_HTML-full:1)
  WAITEXECUTE (https://mathjax.codeforces.org/MathJax.js?config=TeX-AMS_HTML-full:1)
  cb (https://mathjax.codeforces.org/MathJax.js?config=TeX-AMS_HTML-full:1)
  Process (https://mathjax.codeforces.org/MathJax.js?config=TeX-AMS_HTML-full:1)
  call (https://mathjax.codeforces.org/MathJax.js?config=TeX-AMS_HTML-full:1)
  WAITEXECUTE (https://mathjax.codeforces.org/MathJax.js?config=TeX-AMS_HTML-full:1)
  cb (https://mathjax.codeforces.org/MathJax.js?config=TeX-AMS_HTML-full:1)
  Process (https://mathjax.codeforces.org/MathJax.js?config=TeX-AMS_HTML-full:1)
  call (https://mathjax.codeforces.org/MathJax.js?config=TeX-AMS_HTML-full:1)
  WAITEXECUTE (https://mathjax.codeforces.org/MathJax.js?config=TeX-AMS_HTML-full:1)
  cb (https://mathjax.codeforces.org/MathJax.js?config=TeX-AMS_HTML-full:1)
[ERROR - 2021-06-10T18:03:40.291Z] Session [2d650ae0-ca16-11eb-93b2-e51a7f8ffe94] - page.onError - msg: TypeError: undefined is not a constructor (evaluating 'Object.values(window.StaticFiles)')
[ERROR - 2021-06-10T18:03:40.291Z] Session [2d650ae0-ca16-11eb-93b2-e51a7f8ffe94] - page.onError - stack:
  registerPreloadedScripts (https://vk.com/js/al/lite.js?99:1317)
  initStaticManager (https://vk.com/js/al/lite.js?99:1341)
  staticManagerDefinition (https://vk.com/js/al/lite.js?99:1349)
[ERROR - 2021-06-10T18:03:40.310Z] Session [2d650ae0-ca16-11eb-93b2-e51a7f8ffe94] - page.onError - msg: TypeError: undefined is not an object (evaluating '__bq.hideLastCheck')
[ERROR - 2021-06-10T18:03:40.310Z] Session [2d650ae0-ca16-11eb-93b2-e51a7f8ffe94] - page.onError - stack:
  domStarted (https://vk.com/js/al/lite.js?99:4082)
[ERROR - 2021-06-10T18:03:40.319Z] Session [2d650ae0-ca16-11eb-93b2-e51a7f8ffe94] - page.onError - msg: ReferenceError: Can't find variable: Widgets
[ERROR - 2021-06-10T18:03:40.319Z] Session [2d650ae0-ca16-11eb-93b2-e51a7f8ffe94] - page.onError - stack:
  override (https://st7-14.vk.com/js/api/widgets/al_like.js?30:286)
  init (https://st7-14.vk.com/js/api/widgets/al_like.js?30:12)
[ERROR - 2021-06-10T18:03:48.198Z] Session [2d650ae0-ca16-11eb-93b2-e51a7f8ffe94] - page.onError - msg: ReferenceError: Can't find variable: Codeforces
[ERROR - 2021-06-10T18:03:48.199Z] Session [2d650ae0-ca16-11eb-93b2-e51a7f8ffe94] - page.onError - stack:
  global code (https://codeforces.com/enter?back=%2F:186)
[ERROR - 2021-06-10T18:03:48.318Z] Session [2d650ae0-ca16-11eb-93b2-e51a7f8ffe94] - page.onError - msg: ReferenceError: Can't find variable: Codeforces
[ERROR - 2021-06-10T18:03:48.319Z] Session [2d650ae0-ca16-11eb-93b2-e51a7f8ffe94] - page.onError - stack:
  (anonymous function) (https://codeforces.com/enter?back=%2F:282)
  fire (https://codeforces.org/s/96210/js/jquery-1.8.3.js:65)
  fireWith (https://codeforces.org/s/96210/js/jquery-1.8.3.js:70)
  ready (https://codeforces.org/s/96210/js/jquery-1.8.3.js:34)
  DOMContentLoaded (https://codeforces.org/s/96210/js/jquery-1.8.3.js:14)
[ERROR - 2021-06-10T18:03:48.608Z] Session [2d650ae0-ca16-11eb-93b2-e51a7f8ffe94] - page.onError - msg: ReferenceError: Can't find variable: Codeforces
[ERROR - 2021-06-10T18:03:48.608Z] Session [2d650ae0-ca16-11eb-93b2-e51a7f8ffe94] - page.onError - stack:
  (anonymous function) (undefined:6)
  execute (https://mathjax.codeforces.org/MathJax.js?config=TeX-AMS_HTML-full:1)
  cb (https://mathjax.codeforces.org/MathJax.js?config=TeX-AMS_HTML-full:1)
  Execute (https://mathjax.codeforces.org/MathJax.js?config=TeX-AMS_HTML-full:1)
  ExecuteHooks (https://mathjax.codeforces.org/MathJax.js?config=TeX-AMS_HTML-full:1)
  execute (https://mathjax.codeforces.org/MathJax.js?config=TeX-AMS_HTML-full:1)
  cb (https://mathjax.codeforces.org/MathJax.js?config=TeX-AMS_HTML-full:1)
  Execute (https://mathjax.codeforces.org/MathJax.js?config=TeX-AMS_HTML-full:1)
  Post (https://mathjax.codeforces.org/MathJax.js?config=TeX-AMS_HTML-full:1)
  execute (https://mathjax.codeforces.org/MathJax.js?config=TeX-AMS_HTML-full:1)
  cb (https://mathjax.codeforces.org/MathJax.js?config=TeX-AMS_HTML-full:1)
  Process (https://mathjax.codeforces.org/MathJax.js?config=TeX-AMS_HTML-full:1)
  call (https://mathjax.codeforces.org/MathJax.js?config=TeX-AMS_HTML-full:1)
  WAITEXECUTE (https://mathjax.codeforces.org/MathJax.js?config=TeX-AMS_HTML-full:1)
  cb (https://mathjax.codeforces.org/MathJax.js?config=TeX-AMS_HTML-full:1)
  Process (https://mathjax.codeforces.org/MathJax.js?config=TeX-AMS_HTML-full:1)
  call (https://mathjax.codeforces.org/MathJax.js?config=TeX-AMS_HTML-full:1)
  WAITEXECUTE (https://mathjax.codeforces.org/MathJax.js?config=TeX-AMS_HTML-full:1)
  cb (https://mathjax.codeforces.org/MathJax.js?config=TeX-AMS_HTML-full:1)
  Process (https://mathjax.codeforces.org/MathJax.js?config=TeX-AMS_HTML-full:1)
  call (https://mathjax.codeforces.org/MathJax.js?config=TeX-AMS_HTML-full:1)
  WAITEXECUTE (https://mathjax.codeforces.org/MathJax.js?config=TeX-AMS_HTML-full:1)
  cb (https://mathjax.codeforces.org/MathJax.js?config=TeX-AMS_HTML-full:1)
  Process (https://mathjax.codeforces.org/MathJax.js?config=TeX-AMS_HTML-full:1)
  call (https://mathjax.codeforces.org/MathJax.js?config=TeX-AMS_HTML-full:1)
  WAITEXECUTE (https://mathjax.codeforces.org/MathJax.js?config=TeX-AMS_HTML-full:1)
  cb (https://mathjax.codeforces.org/MathJax.js?config=TeX-AMS_HTML-full:1)
[INFO  - 2021-06-10T18:03:56.736Z] SessionManagerReqHand - _cleanupWindowlessSessions - Asynchronous Sessions clean-up phase starting NOW
[INFO  - 2021-06-10T18:03:57.635Z] GhostDriver - Main - running on port 17754
[INFO  - 2021-06-10T18:03:58.453Z] Session [3a7f88e0-ca16-11eb-949a-a9d02edd970d] - page.settings - {"XSSAuditingEnabled":false,"javascriptCanCloseWindows":true,"javascriptCanOpenWindows":true,"javascriptEnabled":true,"loadImages":true,"localToRemoteUrlAccessEnabled":false,"userAgent":"Mozilla/5.0 (Macintosh; Intel Mac OS X) AppleWebKit/538.1 (KHTML, like Gecko) PhantomJS/2.1.1 Safari/538.1","webSecurityEnabled":true}
[INFO  - 2021-06-10T18:03:58.453Z] Session [3a7f88e0-ca16-11eb-949a-a9d02edd970d] - page.customHeaders:  - {}
[INFO  - 2021-06-10T18:03:58.453Z] Session [3a7f88e0-ca16-11eb-949a-a9d02edd970d] - Session.negotiatedCapabilities - {"browserName":"phantomjs","version":"2.1.1","driverName":"ghostdriver","driverVersion":"1.2.0","platform":"mac-unknown-64bit","javascriptEnabled":true,"takesScreenshot":true,"handlesAlerts":false,"databaseEnabled":false,"locationContextEnabled":false,"applicationCacheEnabled":false,"browserConnectionEnabled":false,"cssSelectorsEnabled":true,"webStorageEnabled":false,"rotatable":false,"acceptSslCerts":false,"nativeEvents":true,"proxy":{"proxyType":"direct"}}
[INFO  - 2021-06-10T18:03:58.454Z] SessionManagerReqHand - _postNewSessionCommand - New Session Created: 3a7f88e0-ca16-11eb-949a-a9d02edd970d
[ERROR - 2021-06-10T18:04:00.579Z] Session [3a7f88e0-ca16-11eb-949a-a9d02edd970d] - page.onError - msg: ReferenceError: Can't find variable: Codeforces
[ERROR - 2021-06-10T18:04:00.580Z] Session [3a7f88e0-ca16-11eb-949a-a9d02edd970d] - page.onError - stack:
  global code (https://codeforces.com/:186)
[ERROR - 2021-06-10T18:04:00.772Z] Session [3a7f88e0-ca16-11eb-949a-a9d02edd970d] - page.onError - msg: ReferenceError: Can't find variable: Codeforces
[ERROR - 2021-06-10T18:04:00.772Z] Session [3a7f88e0-ca16-11eb-949a-a9d02edd970d] - page.onError - stack:
  (anonymous function) (https://codeforces.com/:282)
  fire (https://codeforces.org/s/96210/js/jquery-1.8.3.js:65)
  fireWith (https://codeforces.org/s/96210/js/jquery-1.8.3.js:70)
  ready (https://codeforces.org/s/96210/js/jquery-1.8.3.js:34)
  DOMContentLoaded (https://codeforces.org/s/96210/js/jquery-1.8.3.js:14)
[ERROR - 2021-06-10T18:04:01.471Z] Session [3a7f88e0-ca16-11eb-949a-a9d02edd970d] - page.onError - msg: ReferenceError: Can't find variable: Codeforces
[ERROR - 2021-06-10T18:04:01.471Z] Session [3a7f88e0-ca16-11eb-949a-a9d02edd970d] - page.onError - stack:
  (anonymous function) (undefined:6)
  execute (https://mathjax.codeforces.org/MathJax.js?config=TeX-AMS_HTML-full:1)
  cb (https://mathjax.codeforces.org/MathJax.js?config=TeX-AMS_HTML-full:1)
  Execute (https://mathjax.codeforces.org/MathJax.js?config=TeX-AMS_HTML-full:1)
  ExecuteHooks (https://mathjax.codeforces.org/MathJax.js?config=TeX-AMS_HTML-full:1)
  execute (https://mathjax.codeforces.org/MathJax.js?config=TeX-AMS_HTML-full:1)
  cb (https://mathjax.codeforces.org/MathJax.js?config=TeX-AMS_HTML-full:1)
  Execute (https://mathjax.codeforces.org/MathJax.js?config=TeX-AMS_HTML-full:1)
  Post (https://mathjax.codeforces.org/MathJax.js?config=TeX-AMS_HTML-full:1)
  execute (https://mathjax.codeforces.org/MathJax.js?config=TeX-AMS_HTML-full:1)
  cb (https://mathjax.codeforces.org/MathJax.js?config=TeX-AMS_HTML-full:1)
  Process (https://mathjax.codeforces.org/MathJax.js?config=TeX-AMS_HTML-full:1)
  call (https://mathjax.codeforces.org/MathJax.js?config=TeX-AMS_HTML-full:1)
  WAITEXECUTE (https://mathjax.codeforces.org/MathJax.js?config=TeX-AMS_HTML-full:1)
  cb (https://mathjax.codeforces.org/MathJax.js?config=TeX-AMS_HTML-full:1)
  Process (https://mathjax.codeforces.org/MathJax.js?config=TeX-AMS_HTML-full:1)
  call (https://mathjax.codeforces.org/MathJax.js?config=TeX-AMS_HTML-full:1)
  WAITEXECUTE (https://mathjax.codeforces.org/MathJax.js?config=TeX-AMS_HTML-full:1)
  cb (https://mathjax.codeforces.org/MathJax.js?config=TeX-AMS_HTML-full:1)
  Process (https://mathjax.codeforces.org/MathJax.js?config=TeX-AMS_HTML-full:1)
  call (https://mathjax.codeforces.org/MathJax.js?config=TeX-AMS_HTML-full:1)
  WAITEXECUTE (https://mathjax.codeforces.org/MathJax.js?config=TeX-AMS_HTML-full:1)
  cb (https://mathjax.codeforces.org/MathJax.js?config=TeX-AMS_HTML-full:1)
  Process (https://mathjax.codeforces.org/MathJax.js?config=TeX-AMS_HTML-full:1)
  call (https://mathjax.codeforces.org/MathJax.js?config=TeX-AMS_HTML-full:1)
  WAITEXECUTE (https://mathjax.codeforces.org/MathJax.js?config=TeX-AMS_HTML-full:1)
  cb (https://mathjax.codeforces.org/MathJax.js?config=TeX-AMS_HTML-full:1)
[ERROR - 2021-06-10T18:04:01.623Z] Session [3a7f88e0-ca16-11eb-949a-a9d02edd970d] - page.onError - msg: TypeError: undefined is not a constructor (evaluating 'Object.values(window.StaticFiles)')
[ERROR - 2021-06-10T18:04:01.624Z] Session [3a7f88e0-ca16-11eb-949a-a9d02edd970d] - page.onError - stack:
  registerPreloadedScripts (https://vk.com/js/al/lite.js?99:1317)
  initStaticManager (https://vk.com/js/al/lite.js?99:1341)
  staticManagerDefinition (https://vk.com/js/al/lite.js?99:1349)
[ERROR - 2021-06-10T18:04:01.669Z] Session [3a7f88e0-ca16-11eb-949a-a9d02edd970d] - page.onError - msg: TypeError: undefined is not an object (evaluating '__bq.hideLastCheck')
[ERROR - 2021-06-10T18:04:01.669Z] Session [3a7f88e0-ca16-11eb-949a-a9d02edd970d] - page.onError - stack:
  domStarted (https://vk.com/js/al/lite.js?99:4082)
[ERROR - 2021-06-10T18:04:01.718Z] Session [3a7f88e0-ca16-11eb-949a-a9d02edd970d] - page.onError - msg: ReferenceError: Can't find variable: Widgets
[ERROR - 2021-06-10T18:04:01.718Z] Session [3a7f88e0-ca16-11eb-949a-a9d02edd970d] - page.onError - stack:
  override (https://st7-14.vk.com/js/api/widgets/al_like.js?30:286)
  init (https://st7-14.vk.com/js/api/widgets/al_like.js?30:12)
[INFO  - 2021-06-10T18:04:13.494Z] GhostDriver - Main - running on port 37052
[INFO  - 2021-06-10T18:04:14.256Z] Session [43eb08a0-ca16-11eb-a6a3-ff2f7a355c56] - page.settings - {"XSSAuditingEnabled":false,"javascriptCanCloseWindows":true,"javascriptCanOpenWindows":true,"javascriptEnabled":true,"loadImages":true,"localToRemoteUrlAccessEnabled":false,"userAgent":"Mozilla/5.0 (Macintosh; Intel Mac OS X) AppleWebKit/538.1 (KHTML, like Gecko) PhantomJS/2.1.1 Safari/538.1","webSecurityEnabled":true}
[INFO  - 2021-06-10T18:04:14.256Z] Session [43eb08a0-ca16-11eb-a6a3-ff2f7a355c56] - page.customHeaders:  - {}
[INFO  - 2021-06-10T18:04:14.256Z] Session [43eb08a0-ca16-11eb-a6a3-ff2f7a355c56] - Session.negotiatedCapabilities - {"browserName":"phantomjs","version":"2.1.1","driverName":"ghostdriver","driverVersion":"1.2.0","platform":"mac-unknown-64bit","javascriptEnabled":true,"takesScreenshot":true,"handlesAlerts":false,"databaseEnabled":false,"locationContextEnabled":false,"applicationCacheEnabled":false,"browserConnectionEnabled":false,"cssSelectorsEnabled":true,"webStorageEnabled":false,"rotatable":false,"acceptSslCerts":false,"nativeEvents":true,"proxy":{"proxyType":"direct"}}
[INFO  - 2021-06-10T18:04:14.257Z] SessionManagerReqHand - _postNewSessionCommand - New Session Created: 43eb08a0-ca16-11eb-a6a3-ff2f7a355c56
[ERROR - 2021-06-10T18:04:16.730Z] Session [43eb08a0-ca16-11eb-a6a3-ff2f7a355c56] - page.onError - msg: ReferenceError: Can't find variable: Codeforces
[ERROR - 2021-06-10T18:04:16.730Z] Session [43eb08a0-ca16-11eb-a6a3-ff2f7a355c56] - page.onError - stack:
  global code (https://codeforces.com/:186)
[ERROR - 2021-06-10T18:04:16.925Z] Session [43eb08a0-ca16-11eb-a6a3-ff2f7a355c56] - page.onError - msg: ReferenceError: Can't find variable: Codeforces
[ERROR - 2021-06-10T18:04:16.925Z] Session [43eb08a0-ca16-11eb-a6a3-ff2f7a355c56] - page.onError - stack:
  (anonymous function) (https://codeforces.com/:282)
  fire (https://codeforces.org/s/96210/js/jquery-1.8.3.js:65)
  fireWith (https://codeforces.org/s/96210/js/jquery-1.8.3.js:70)
  ready (https://codeforces.org/s/96210/js/jquery-1.8.3.js:34)
  DOMContentLoaded (https://codeforces.org/s/96210/js/jquery-1.8.3.js:14)
[ERROR - 2021-06-10T18:04:17.607Z] Session [43eb08a0-ca16-11eb-a6a3-ff2f7a355c56] - page.onError - msg: ReferenceError: Can't find variable: Codeforces
[ERROR - 2021-06-10T18:04:17.607Z] Session [43eb08a0-ca16-11eb-a6a3-ff2f7a355c56] - page.onError - stack:
  (anonymous function) (undefined:6)
  execute (https://mathjax.codeforces.org/MathJax.js?config=TeX-AMS_HTML-full:1)
  cb (https://mathjax.codeforces.org/MathJax.js?config=TeX-AMS_HTML-full:1)
  Execute (https://mathjax.codeforces.org/MathJax.js?config=TeX-AMS_HTML-full:1)
  ExecuteHooks (https://mathjax.codeforces.org/MathJax.js?config=TeX-AMS_HTML-full:1)
  execute (https://mathjax.codeforces.org/MathJax.js?config=TeX-AMS_HTML-full:1)
  cb (https://mathjax.codeforces.org/MathJax.js?config=TeX-AMS_HTML-full:1)
  Execute (https://mathjax.codeforces.org/MathJax.js?config=TeX-AMS_HTML-full:1)
  Post (https://mathjax.codeforces.org/MathJax.js?config=TeX-AMS_HTML-full:1)
  execute (https://mathjax.codeforces.org/MathJax.js?config=TeX-AMS_HTML-full:1)
  cb (https://mathjax.codeforces.org/MathJax.js?config=TeX-AMS_HTML-full:1)
  Process (https://mathjax.codeforces.org/MathJax.js?config=TeX-AMS_HTML-full:1)
  call (https://mathjax.codeforces.org/MathJax.js?config=TeX-AMS_HTML-full:1)
  WAITEXECUTE (https://mathjax.codeforces.org/MathJax.js?config=TeX-AMS_HTML-full:1)
  cb (https://mathjax.codeforces.org/MathJax.js?config=TeX-AMS_HTML-full:1)
  Process (https://mathjax.codeforces.org/MathJax.js?config=TeX-AMS_HTML-full:1)
  call (https://mathjax.codeforces.org/MathJax.js?config=TeX-AMS_HTML-full:1)
  WAITEXECUTE (https://mathjax.codeforces.org/MathJax.js?config=TeX-AMS_HTML-full:1)
  cb (https://mathjax.codeforces.org/MathJax.js?config=TeX-AMS_HTML-full:1)
  Process (https://mathjax.codeforces.org/MathJax.js?config=TeX-AMS_HTML-full:1)
  call (https://mathjax.codeforces.org/MathJax.js?config=TeX-AMS_HTML-full:1)
  WAITEXECUTE (https://mathjax.codeforces.org/MathJax.js?config=TeX-AMS_HTML-full:1)
  cb (https://mathjax.codeforces.org/MathJax.js?config=TeX-AMS_HTML-full:1)
  Process (https://mathjax.codeforces.org/MathJax.js?config=TeX-AMS_HTML-full:1)
  call (https://mathjax.codeforces.org/MathJax.js?config=TeX-AMS_HTML-full:1)
  WAITEXECUTE (https://mathjax.codeforces.org/MathJax.js?config=TeX-AMS_HTML-full:1)
  cb (https://mathjax.codeforces.org/MathJax.js?config=TeX-AMS_HTML-full:1)
[ERROR - 2021-06-10T18:04:17.744Z] Session [43eb08a0-ca16-11eb-a6a3-ff2f7a355c56] - page.onError - msg: TypeError: undefined is not a constructor (evaluating 'Object.values(window.StaticFiles)')
[ERROR - 2021-06-10T18:04:17.744Z] Session [43eb08a0-ca16-11eb-a6a3-ff2f7a355c56] - page.onError - stack:
  registerPreloadedScripts (https://vk.com/js/al/lite.js?99:1317)
  initStaticManager (https://vk.com/js/al/lite.js?99:1341)
  staticManagerDefinition (https://vk.com/js/al/lite.js?99:1349)
[ERROR - 2021-06-10T18:04:17.778Z] Session [43eb08a0-ca16-11eb-a6a3-ff2f7a355c56] - page.onError - msg: TypeError: undefined is not an object (evaluating '__bq.hideLastCheck')
[ERROR - 2021-06-10T18:04:17.778Z] Session [43eb08a0-ca16-11eb-a6a3-ff2f7a355c56] - page.onError - stack:
  domStarted (https://vk.com/js/al/lite.js?99:4082)
[ERROR - 2021-06-10T18:04:17.856Z] Session [43eb08a0-ca16-11eb-a6a3-ff2f7a355c56] - page.onError - msg: ReferenceError: Can't find variable: Widgets
[ERROR - 2021-06-10T18:04:17.857Z] Session [43eb08a0-ca16-11eb-a6a3-ff2f7a355c56] - page.onError - stack:
  override (https://st7-14.vk.com/js/api/widgets/al_like.js?30:286)
  init (https://st7-14.vk.com/js/api/widgets/al_like.js?30:12)
[ERROR - 2021-06-10T18:04:24.920Z] Session [43eb08a0-ca16-11eb-a6a3-ff2f7a355c56] - page.onError - msg: ReferenceError: Can't find variable: Codeforces
[ERROR - 2021-06-10T18:04:24.921Z] Session [43eb08a0-ca16-11eb-a6a3-ff2f7a355c56] - page.onError - stack:
  global code (https://codeforces.com/enter?back=%2F:186)
[ERROR - 2021-06-10T18:04:25.091Z] Session [43eb08a0-ca16-11eb-a6a3-ff2f7a355c56] - page.onError - msg: ReferenceError: Can't find variable: Codeforces
[ERROR - 2021-06-10T18:04:25.092Z] Session [43eb08a0-ca16-11eb-a6a3-ff2f7a355c56] - page.onError - stack:
  (anonymous function) (https://codeforces.com/enter?back=%2F:282)
  fire (https://codeforces.org/s/96210/js/jquery-1.8.3.js:65)
  fireWith (https://codeforces.org/s/96210/js/jquery-1.8.3.js:70)
  ready (https://codeforces.org/s/96210/js/jquery-1.8.3.js:34)
  DOMContentLoaded (https://codeforces.org/s/96210/js/jquery-1.8.3.js:14)
[ERROR - 2021-06-10T18:04:25.437Z] Session [43eb08a0-ca16-11eb-a6a3-ff2f7a355c56] - page.onError - msg: ReferenceError: Can't find variable: Codeforces
[ERROR - 2021-06-10T18:04:25.438Z] Session [43eb08a0-ca16-11eb-a6a3-ff2f7a355c56] - page.onError - stack:
  (anonymous function) (undefined:6)
  execute (https://mathjax.codeforces.org/MathJax.js?config=TeX-AMS_HTML-full:1)
  cb (https://mathjax.codeforces.org/MathJax.js?config=TeX-AMS_HTML-full:1)
  Execute (https://mathjax.codeforces.org/MathJax.js?config=TeX-AMS_HTML-full:1)
  ExecuteHooks (https://mathjax.codeforces.org/MathJax.js?config=TeX-AMS_HTML-full:1)
  execute (https://mathjax.codeforces.org/MathJax.js?config=TeX-AMS_HTML-full:1)
  cb (https://mathjax.codeforces.org/MathJax.js?config=TeX-AMS_HTML-full:1)
  Execute (https://mathjax.codeforces.org/MathJax.js?config=TeX-AMS_HTML-full:1)
  Post (https://mathjax.codeforces.org/MathJax.js?config=TeX-AMS_HTML-full:1)
  execute (https://mathjax.codeforces.org/MathJax.js?config=TeX-AMS_HTML-full:1)
  cb (https://mathjax.codeforces.org/MathJax.js?config=TeX-AMS_HTML-full:1)
  Process (https://mathjax.codeforces.org/MathJax.js?config=TeX-AMS_HTML-full:1)
  call (https://mathjax.codeforces.org/MathJax.js?config=TeX-AMS_HTML-full:1)
  WAITEXECUTE (https://mathjax.codeforces.org/MathJax.js?config=TeX-AMS_HTML-full:1)
  cb (https://mathjax.codeforces.org/MathJax.js?config=TeX-AMS_HTML-full:1)
  Process (https://mathjax.codeforces.org/MathJax.js?config=TeX-AMS_HTML-full:1)
  call (https://mathjax.codeforces.org/MathJax.js?config=TeX-AMS_HTML-full:1)
  WAITEXECUTE (https://mathjax.codeforces.org/MathJax.js?config=TeX-AMS_HTML-full:1)
  cb (https://mathjax.codeforces.org/MathJax.js?config=TeX-AMS_HTML-full:1)
  Process (https://mathjax.codeforces.org/MathJax.js?config=TeX-AMS_HTML-full:1)
  call (https://mathjax.codeforces.org/MathJax.js?config=TeX-AMS_HTML-full:1)
  WAITEXECUTE (https://mathjax.codeforces.org/MathJax.js?config=TeX-AMS_HTML-full:1)
  cb (https://mathjax.codeforces.org/MathJax.js?config=TeX-AMS_HTML-full:1)
  Process (https://mathjax.codeforces.org/MathJax.js?config=TeX-AMS_HTML-full:1)
  call (https://mathjax.codeforces.org/MathJax.js?config=TeX-AMS_HTML-full:1)
  WAITEXECUTE (https://mathjax.codeforces.org/MathJax.js?config=TeX-AMS_HTML-full:1)
  cb (https://mathjax.codeforces.org/MathJax.js?config=TeX-AMS_HTML-full:1)
[INFO  - 2021-06-10T18:06:21.054Z] GhostDriver - Main - running on port 34566
[INFO  - 2021-06-10T18:06:21.508Z] Session [8fc44cf0-ca16-11eb-99c0-89df3cc437c3] - page.settings - {"XSSAuditingEnabled":false,"javascriptCanCloseWindows":true,"javascriptCanOpenWindows":true,"javascriptEnabled":true,"loadImages":true,"localToRemoteUrlAccessEnabled":false,"userAgent":"Mozilla/5.0 (Macintosh; Intel Mac OS X) AppleWebKit/538.1 (KHTML, like Gecko) PhantomJS/2.1.1 Safari/538.1","webSecurityEnabled":true}
[INFO  - 2021-06-10T18:06:21.508Z] Session [8fc44cf0-ca16-11eb-99c0-89df3cc437c3] - page.customHeaders:  - {}
[INFO  - 2021-06-10T18:06:21.508Z] Session [8fc44cf0-ca16-11eb-99c0-89df3cc437c3] - Session.negotiatedCapabilities - {"browserName":"phantomjs","version":"2.1.1","driverName":"ghostdriver","driverVersion":"1.2.0","platform":"mac-unknown-64bit","javascriptEnabled":true,"takesScreenshot":true,"handlesAlerts":false,"databaseEnabled":false,"locationContextEnabled":false,"applicationCacheEnabled":false,"browserConnectionEnabled":false,"cssSelectorsEnabled":true,"webStorageEnabled":false,"rotatable":false,"acceptSslCerts":false,"nativeEvents":true,"proxy":{"proxyType":"direct"}}
[INFO  - 2021-06-10T18:06:21.509Z] SessionManagerReqHand - _postNewSessionCommand - New Session Created: 8fc44cf0-ca16-11eb-99c0-89df3cc437c3
[INFO  - 2021-06-10T18:07:51.018Z] SessionManagerReqHand - _cleanupWindowlessSessions - Asynchronous Sessions clean-up phase starting NOW
[INFO  - 2021-06-10T18:08:56.981Z] SessionManagerReqHand - _cleanupWindowlessSessions - Asynchronous Sessions clean-up phase starting NOW
[INFO  - 2021-06-10T18:11:21.107Z] SessionManagerReqHand - _cleanupWindowlessSessions - Asynchronous Sessions clean-up phase starting NOW
[INFO  - 2021-06-10T18:12:51.976Z] SessionManagerReqHand - _cleanupWindowlessSessions - Asynchronous Sessions clean-up phase starting NOW
[INFO  - 2021-06-10T18:13:56.971Z] SessionManagerReqHand - _cleanupWindowlessSessions - Asynchronous Sessions clean-up phase starting NOW
[INFO  - 2021-06-10T18:16:21.085Z] SessionManagerReqHand - _cleanupWindowlessSessions - Asynchronous Sessions clean-up phase starting NOW
[INFO  - 2021-06-10T18:17:51.977Z] SessionManagerReqHand - _cleanupWindowlessSessions - Asynchronous Sessions clean-up phase starting NOW
[INFO  - 2021-06-10T18:18:56.980Z] SessionManagerReqHand - _cleanupWindowlessSessions - Asynchronous Sessions clean-up phase starting NOW
[INFO  - 2021-06-10T18:21:21.086Z] SessionManagerReqHand - _cleanupWindowlessSessions - Asynchronous Sessions clean-up phase starting NOW
[INFO  - 2021-06-10T18:22:52.000Z] SessionManagerReqHand - _cleanupWindowlessSessions - Asynchronous Sessions clean-up phase starting NOW
[INFO  - 2021-06-10T18:23:56.998Z] SessionManagerReqHand - _cleanupWindowlessSessions - Asynchronous Sessions clean-up phase starting NOW
[INFO  - 2021-06-10T18:26:21.098Z] SessionManagerReqHand - _cleanupWindowlessSessions - Asynchronous Sessions clean-up phase starting NOW
[INFO  - 2021-06-10T18:27:52.022Z] SessionManagerReqHand - _cleanupWindowlessSessions - Asynchronous Sessions clean-up phase starting NOW
[INFO  - 2021-06-10T18:28:57.637Z] SessionManagerReqHand - _cleanupWindowlessSessions - Asynchronous Sessions clean-up phase starting NOW
[INFO  - 2021-06-10T18:31:21.118Z] SessionManagerReqHand - _cleanupWindowlessSessions - Asynchronous Sessions clean-up phase starting NOW
[INFO  - 2021-06-10T18:32:52.023Z] SessionManagerReqHand - _cleanupWindowlessSessions - Asynchronous Sessions clean-up phase starting NOW
[INFO  - 2021-06-10T18:33:57.029Z] SessionManagerReqHand - _cleanupWindowlessSessions - Asynchronous Sessions clean-up phase starting NOW
[INFO  - 2021-06-10T18:36:21.124Z] SessionManagerReqHand - _cleanupWindowlessSessions - Asynchronous Sessions clean-up phase starting NOW
[INFO  - 2021-06-10T18:37:52.028Z] SessionManagerReqHand - _cleanupWindowlessSessions - Asynchronous Sessions clean-up phase starting NOW
[INFO  - 2021-06-10T18:38:57.049Z] SessionManagerReqHand - _cleanupWindowlessSessions - Asynchronous Sessions clean-up phase starting NOW
[INFO  - 2021-06-10T18:41:21.125Z] SessionManagerReqHand - _cleanupWindowlessSessions - Asynchronous Sessions clean-up phase starting NOW
[INFO  - 2021-06-10T18:42:52.047Z] SessionManagerReqHand - _cleanupWindowlessSessions - Asynchronous Sessions clean-up phase starting NOW
[INFO  - 2021-06-10T18:43:57.056Z] SessionManagerReqHand - _cleanupWindowlessSessions - Asynchronous Sessions clean-up phase starting NOW
[INFO  - 2021-06-10T18:46:21.141Z] SessionManagerReqHand - _cleanupWindowlessSessions - Asynchronous Sessions clean-up phase starting NOW
[INFO  - 2021-06-10T18:47:52.063Z] SessionManagerReqHand - _cleanupWindowlessSessions - Asynchronous Sessions clean-up phase starting NOW
[INFO  - 2021-06-10T18:48:57.077Z] SessionManagerReqHand - _cleanupWindowlessSessions - Asynchronous Sessions clean-up phase starting NOW
[INFO  - 2021-06-10T18:51:21.157Z] SessionManagerReqHand - _cleanupWindowlessSessions - Asynchronous Sessions clean-up phase starting NOW
[INFO  - 2021-06-10T18:52:52.097Z] SessionManagerReqHand - _cleanupWindowlessSessions - Asynchronous Sessions clean-up phase starting NOW
[INFO  - 2021-06-10T18:53:57.095Z] SessionManagerReqHand - _cleanupWindowlessSessions - Asynchronous Sessions clean-up phase starting NOW
[INFO  - 2021-06-10T18:56:21.165Z] SessionManagerReqHand - _cleanupWindowlessSessions - Asynchronous Sessions clean-up phase starting NOW
[INFO  - 2021-06-10T18:57:52.090Z] SessionManagerReqHand - _cleanupWindowlessSessions - Asynchronous Sessions clean-up phase starting NOW
[INFO  - 2021-06-10T18:58:57.094Z] SessionManagerReqHand - _cleanupWindowlessSessions - Asynchronous Sessions clean-up phase starting NOW
[INFO  - 2021-06-10T19:01:21.199Z] SessionManagerReqHand - _cleanupWindowlessSessions - Asynchronous Sessions clean-up phase starting NOW
[INFO  - 2021-06-10T19:02:52.112Z] SessionManagerReqHand - _cleanupWindowlessSessions - Asynchronous Sessions clean-up phase starting NOW
[INFO  - 2021-06-10T19:03:57.116Z] SessionManagerReqHand - _cleanupWindowlessSessions - Asynchronous Sessions clean-up phase starting NOW
[INFO  - 2021-06-10T19:06:21.194Z] SessionManagerReqHand - _cleanupWindowlessSessions - Asynchronous Sessions clean-up phase starting NOW
[INFO  - 2021-06-10T19:07:52.129Z] SessionManagerReqHand - _cleanupWindowlessSessions - Asynchronous Sessions clean-up phase starting NOW
[INFO  - 2021-06-10T19:08:57.126Z] SessionManagerReqHand - _cleanupWindowlessSessions - Asynchronous Sessions clean-up phase starting NOW
[INFO  - 2021-06-10T19:11:21.195Z] SessionManagerReqHand - _cleanupWindowlessSessions - Asynchronous Sessions clean-up phase starting NOW
[INFO  - 2021-06-10T19:12:52.125Z] SessionManagerReqHand - _cleanupWindowlessSessions - Asynchronous Sessions clean-up phase starting NOW
[INFO  - 2021-06-10T19:13:57.168Z] SessionManagerReqHand - _cleanupWindowlessSessions - Asynchronous Sessions clean-up phase starting NOW
[INFO  - 2021-06-10T19:19:24.260Z] SessionManagerReqHand - _cleanupWindowlessSessions - Asynchronous Sessions clean-up phase starting NOW
[INFO  - 2021-06-10T19:20:55.161Z] SessionManagerReqHand - _cleanupWindowlessSessions - Asynchronous Sessions clean-up phase starting NOW
[INFO  - 2021-06-10T19:22:00.166Z] SessionManagerReqHand - _cleanupWindowlessSessions - Asynchronous Sessions clean-up phase starting NOW
[INFO  - 2021-06-10T19:24:24.230Z] SessionManagerReqHand - _cleanupWindowlessSessions - Asynchronous Sessions clean-up phase starting NOW
[INFO  - 2021-06-10T19:25:55.163Z] SessionManagerReqHand - _cleanupWindowlessSessions - Asynchronous Sessions clean-up phase starting NOW
[INFO  - 2021-06-10T19:27:00.171Z] SessionManagerReqHand - _cleanupWindowlessSessions - Asynchronous Sessions clean-up phase starting NOW
[INFO  - 2021-06-10T19:29:24.239Z] SessionManagerReqHand - _cleanupWindowlessSessions - Asynchronous Sessions clean-up phase starting NOW
[INFO  - 2021-06-10T19:30:55.176Z] SessionManagerReqHand - _cleanupWindowlessSessions - Asynchronous Sessions clean-up phase starting NOW
[INFO  - 2021-06-10T19:32:00.187Z] SessionManagerReqHand - _cleanupWindowlessSessions - Asynchronous Sessions clean-up phase starting NOW
[INFO  - 2021-06-10T19:34:23.862Z] SessionManagerReqHand - _cleanupWindowlessSessions - Asynchronous Sessions clean-up phase starting NOW
[INFO  - 2021-06-10T19:35:54.796Z] SessionManagerReqHand - _cleanupWindowlessSessions - Asynchronous Sessions clean-up phase starting NOW
[INFO  - 2021-06-10T19:36:59.800Z] SessionManagerReqHand - _cleanupWindowlessSessions - Asynchronous Sessions clean-up phase starting NOW
[INFO  - 2021-06-10T19:39:23.863Z] SessionManagerReqHand - _cleanupWindowlessSessions - Asynchronous Sessions clean-up phase starting NOW
[INFO  - 2021-06-10T19:40:54.806Z] SessionManagerReqHand - _cleanupWindowlessSessions - Asynchronous Sessions clean-up phase starting NOW
[INFO  - 2021-06-10T19:41:59.818Z] SessionManagerReqHand - _cleanupWindowlessSessions - Asynchronous Sessions clean-up phase starting NOW
[INFO  - 2021-06-10T19:44:23.872Z] SessionManagerReqHand - _cleanupWindowlessSessions - Asynchronous Sessions clean-up phase starting NOW
[INFO  - 2021-06-10T19:45:54.818Z] SessionManagerReqHand - _cleanupWindowlessSessions - Asynchronous Sessions clean-up phase starting NOW
[INFO  - 2021-06-10T19:46:59.819Z] SessionManagerReqHand - _cleanupWindowlessSessions - Asynchronous Sessions clean-up phase starting NOW
[INFO  - 2021-06-10T19:49:23.880Z] SessionManagerReqHand - _cleanupWindowlessSessions - Asynchronous Sessions clean-up phase starting NOW
[INFO  - 2021-06-10T19:50:54.826Z] SessionManagerReqHand - _cleanupWindowlessSessions - Asynchronous Sessions clean-up phase starting NOW
[INFO  - 2021-06-10T19:51:59.837Z] SessionManagerReqHand - _cleanupWindowlessSessions - Asynchronous Sessions clean-up phase starting NOW
[INFO  - 2021-06-10T19:54:23.910Z] SessionManagerReqHand - _cleanupWindowlessSessions - Asynchronous Sessions clean-up phase starting NOW
[INFO  - 2021-06-10T19:55:54.854Z] SessionManagerReqHand - _cleanupWindowlessSessions - Asynchronous Sessions clean-up phase starting NOW
[INFO  - 2021-06-10T19:56:59.852Z] SessionManagerReqHand - _cleanupWindowlessSessions - Asynchronous Sessions clean-up phase starting NOW
[INFO  - 2021-06-10T19:59:23.935Z] SessionManagerReqHand - _cleanupWindowlessSessions - Asynchronous Sessions clean-up phase starting NOW
[INFO  - 2021-06-10T20:00:54.876Z] SessionManagerReqHand - _cleanupWindowlessSessions - Asynchronous Sessions clean-up phase starting NOW
[INFO  - 2021-06-10T20:01:59.871Z] SessionManagerReqHand - _cleanupWindowlessSessions - Asynchronous Sessions clean-up phase starting NOW
[INFO  - 2021-06-10T20:04:23.942Z] SessionManagerReqHand - _cleanupWindowlessSessions - Asynchronous Sessions clean-up phase starting NOW
[INFO  - 2021-06-10T20:05:54.876Z] SessionManagerReqHand - _cleanupWindowlessSessions - Asynchronous Sessions clean-up phase starting NOW
[INFO  - 2021-06-10T20:06:59.888Z] SessionManagerReqHand - _cleanupWindowlessSessions - Asynchronous Sessions clean-up phase starting NOW
[INFO  - 2021-06-10T20:09:23.950Z] SessionManagerReqHand - _cleanupWindowlessSessions - Asynchronous Sessions clean-up phase starting NOW
[INFO  - 2021-06-10T20:10:54.896Z] SessionManagerReqHand - _cleanupWindowlessSessions - Asynchronous Sessions clean-up phase starting NOW
[INFO  - 2021-06-10T20:11:59.896Z] SessionManagerReqHand - _cleanupWindowlessSessions - Asynchronous Sessions clean-up phase starting NOW
[INFO  - 2021-06-10T20:14:23.960Z] SessionManagerReqHand - _cleanupWindowlessSessions - Asynchronous Sessions clean-up phase starting NOW
[INFO  - 2021-06-10T20:15:54.895Z] SessionManagerReqHand - _cleanupWindowlessSessions - Asynchronous Sessions clean-up phase starting NOW
[INFO  - 2021-06-10T20:16:59.964Z] SessionManagerReqHand - _cleanupWindowlessSessions - Asynchronous Sessions clean-up phase starting NOW
[INFO  - 2021-06-10T20:19:23.967Z] SessionManagerReqHand - _cleanupWindowlessSessions - Asynchronous Sessions clean-up phase starting NOW
[INFO  - 2021-06-10T20:20:54.936Z] SessionManagerReqHand - _cleanupWindowlessSessions - Asynchronous Sessions clean-up phase starting NOW
[INFO  - 2021-06-10T20:21:59.918Z] SessionManagerReqHand - _cleanupWindowlessSessions - Asynchronous Sessions clean-up phase starting NOW
[INFO  - 2021-06-10T20:24:23.978Z] SessionManagerReqHand - _cleanupWindowlessSessions - Asynchronous Sessions clean-up phase starting NOW
[INFO  - 2021-06-10T20:25:54.937Z] SessionManagerReqHand - _cleanupWindowlessSessions - Asynchronous Sessions clean-up phase starting NOW
[INFO  - 2021-06-10T20:26:59.920Z] SessionManagerReqHand - _cleanupWindowlessSessions - Asynchronous Sessions clean-up phase starting NOW
[INFO  - 2021-06-10T20:29:23.997Z] SessionManagerReqHand - _cleanupWindowlessSessions - Asynchronous Sessions clean-up phase starting NOW
[INFO  - 2021-06-10T20:30:54.952Z] SessionManagerReqHand - _cleanupWindowlessSessions - Asynchronous Sessions clean-up phase starting NOW
[INFO  - 2021-06-10T20:31:59.949Z] SessionManagerReqHand - _cleanupWindowlessSessions - Asynchronous Sessions clean-up phase starting NOW
[INFO  - 2021-06-10T20:34:24.058Z] SessionManagerReqHand - _cleanupWindowlessSessions - Asynchronous Sessions clean-up phase starting NOW
[INFO  - 2021-06-10T20:35:54.969Z] SessionManagerReqHand - _cleanupWindowlessSessions - Asynchronous Sessions clean-up phase starting NOW
[INFO  - 2021-06-10T20:36:59.948Z] SessionManagerReqHand - _cleanupWindowlessSessions - Asynchronous Sessions clean-up phase starting NOW
[INFO  - 2021-06-10T20:39:24.016Z] SessionManagerReqHand - _cleanupWindowlessSessions - Asynchronous Sessions clean-up phase starting NOW
[INFO  - 2021-06-10T20:40:54.983Z] SessionManagerReqHand - _cleanupWindowlessSessions - Asynchronous Sessions clean-up phase starting NOW
[INFO  - 2021-06-10T20:41:59.961Z] SessionManagerReqHand - _cleanupWindowlessSessions - Asynchronous Sessions clean-up phase starting NOW
[INFO  - 2021-06-10T20:44:24.024Z] SessionManagerReqHand - _cleanupWindowlessSessions - Asynchronous Sessions clean-up phase starting NOW
[INFO  - 2021-06-10T20:45:54.996Z] SessionManagerReqHand - _cleanupWindowlessSessions - Asynchronous Sessions clean-up phase starting NOW
[INFO  - 2021-06-10T20:46:59.975Z] SessionManagerReqHand - _cleanupWindowlessSessions - Asynchronous Sessions clean-up phase starting NOW
[INFO  - 2021-06-10T20:49:24.041Z] SessionManagerReqHand - _cleanupWindowlessSessions - Asynchronous Sessions clean-up phase starting NOW
[INFO  - 2021-06-10T20:50:55.010Z] SessionManagerReqHand - _cleanupWindowlessSessions - Asynchronous Sessions clean-up phase starting NOW
[INFO  - 2021-06-10T20:51:59.984Z] SessionManagerReqHand - _cleanupWindowlessSessions - Asynchronous Sessions clean-up phase starting NOW
[INFO  - 2021-06-10T20:54:24.059Z] SessionManagerReqHand - _cleanupWindowlessSessions - Asynchronous Sessions clean-up phase starting NOW
[INFO  - 2021-06-10T20:55:55.025Z] SessionManagerReqHand - _cleanupWindowlessSessions - Asynchronous Sessions clean-up phase starting NOW
[INFO  - 2021-06-10T20:57:00.001Z] SessionManagerReqHand - _cleanupWindowlessSessions - Asynchronous Sessions clean-up phase starting NOW
[INFO  - 2021-06-10T20:59:24.058Z] SessionManagerReqHand - _cleanupWindowlessSessions - Asynchronous Sessions clean-up phase starting NOW
[INFO  - 2021-06-10T21:00:55.038Z] SessionManagerReqHand - _cleanupWindowlessSessions - Asynchronous Sessions clean-up phase starting NOW
[INFO  - 2021-06-10T21:02:00.016Z] SessionManagerReqHand - _cleanupWindowlessSessions - Asynchronous Sessions clean-up phase starting NOW
[INFO  - 2021-06-10T21:04:24.078Z] SessionManagerReqHand - _cleanupWindowlessSessions - Asynchronous Sessions clean-up phase starting NOW
[INFO  - 2021-06-10T21:05:55.063Z] SessionManagerReqHand - _cleanupWindowlessSessions - Asynchronous Sessions clean-up phase starting NOW
[INFO  - 2021-06-10T21:07:00.033Z] SessionManagerReqHand - _cleanupWindowlessSessions - Asynchronous Sessions clean-up phase starting NOW
[INFO  - 2021-06-10T21:09:24.085Z] SessionManagerReqHand - _cleanupWindowlessSessions - Asynchronous Sessions clean-up phase starting NOW
[INFO  - 2021-06-10T21:10:55.078Z] SessionManagerReqHand - _cleanupWindowlessSessions - Asynchronous Sessions clean-up phase starting NOW
[INFO  - 2021-06-11T00:29:18.727Z] SessionManagerReqHand - _cleanupWindowlessSessions - Asynchronous Sessions clean-up phase starting NOW
[INFO  - 2021-06-11T00:31:42.783Z] SessionManagerReqHand - _cleanupWindowlessSessions - Asynchronous Sessions clean-up phase starting NOW
[INFO  - 2021-06-11T00:33:13.319Z] SessionManagerReqHand - _cleanupWindowlessSessions - Asynchronous Sessions clean-up phase starting NOW
[INFO  - 2021-06-11T01:23:56.076Z] SessionManagerReqHand - _cleanupWindowlessSessions - Asynchronous Sessions clean-up phase starting NOW
[INFO  - 2021-06-11T01:27:04.112Z] SessionManagerReqHand - _cleanupWindowlessSessions - Asynchronous Sessions clean-up phase starting NOW
[INFO  - 2021-06-11T01:28:35.047Z] SessionManagerReqHand - _cleanupWindowlessSessions - Asynchronous Sessions clean-up phase starting NOW
[INFO  - 2021-06-11T01:29:40.014Z] SessionManagerReqHand - _cleanupWindowlessSessions - Asynchronous Sessions clean-up phase starting NOW
[INFO  - 2021-06-11T01:32:04.058Z] SessionManagerReqHand - _cleanupWindowlessSessions - Asynchronous Sessions clean-up phase starting NOW
[INFO  - 2021-06-11T01:33:35.056Z] SessionManagerReqHand - _cleanupWindowlessSessions - Asynchronous Sessions clean-up phase starting NOW
[INFO  - 2021-06-11T02:08:35.390Z] SessionManagerReqHand - _cleanupWindowlessSessions - Asynchronous Sessions clean-up phase starting NOW
[INFO  - 2021-06-11T02:10:59.426Z] SessionManagerReqHand - _cleanupWindowlessSessions - Asynchronous Sessions clean-up phase starting NOW
[INFO  - 2021-06-11T02:12:30.424Z] SessionManagerReqHand - _cleanupWindowlessSessions - Asynchronous Sessions clean-up phase starting NOW
[INFO  - 2021-06-11T02:13:35.400Z] SessionManagerReqHand - _cleanupWindowlessSessions - Asynchronous Sessions clean-up phase starting NOW
[INFO  - 2021-06-11T02:15:59.435Z] SessionManagerReqHand - _cleanupWindowlessSessions - Asynchronous Sessions clean-up phase starting NOW
[INFO  - 2021-06-11T02:17:30.432Z] SessionManagerReqHand - _cleanupWindowlessSessions - Asynchronous Sessions clean-up phase starting NOW
[INFO  - 2021-06-11T02:18:35.408Z] SessionManagerReqHand - _cleanupWindowlessSessions - Asynchronous Sessions clean-up phase starting NOW
[INFO  - 2021-06-11T02:20:59.444Z] SessionManagerReqHand - _cleanupWindowlessSessions - Asynchronous Sessions clean-up phase starting NOW
[INFO  - 2021-06-11T02:22:30.443Z] SessionManagerReqHand - _cleanupWindowlessSessions - Asynchronous Sessions clean-up phase starting NOW
[INFO  - 2021-06-11T02:23:35.455Z] SessionManagerReqHand - _cleanupWindowlessSessions - Asynchronous Sessions clean-up phase starting NOW
[INFO  - 2021-06-11T02:25:59.453Z] SessionManagerReqHand - _cleanupWindowlessSessions - Asynchronous Sessions clean-up phase starting NOW
[INFO  - 2021-06-11T02:27:30.498Z] SessionManagerReqHand - _cleanupWindowlessSessions - Asynchronous Sessions clean-up phase starting NOW
[INFO  - 2021-06-11T02:28:35.434Z] SessionManagerReqHand - _cleanupWindowlessSessions - Asynchronous Sessions clean-up phase starting NOW
[INFO  - 2021-06-11T02:30:59.467Z] SessionManagerReqHand - _cleanupWindowlessSessions - Asynchronous Sessions clean-up phase starting NOW
[INFO  - 2021-06-11T02:32:30.464Z] SessionManagerReqHand - _cleanupWindowlessSessions - Asynchronous Sessions clean-up phase starting NOW
[INFO  - 2021-06-11T02:33:35.446Z] SessionManagerReqHand - _cleanupWindowlessSessions - Asynchronous Sessions clean-up phase starting NOW
[INFO  - 2021-06-11T02:35:59.475Z] SessionManagerReqHand - _cleanupWindowlessSessions - Asynchronous Sessions clean-up phase starting NOW
[INFO  - 2021-06-11T02:37:30.474Z] SessionManagerReqHand - _cleanupWindowlessSessions - Asynchronous Sessions clean-up phase starting NOW
[INFO  - 2021-06-11T02:38:35.469Z] SessionManagerReqHand - _cleanupWindowlessSessions - Asynchronous Sessions clean-up phase starting NOW
[INFO  - 2021-06-11T02:40:59.523Z] SessionManagerReqHand - _cleanupWindowlessSessions - Asynchronous Sessions clean-up phase starting NOW
[INFO  - 2021-06-11T02:42:30.485Z] SessionManagerReqHand - _cleanupWindowlessSessions - Asynchronous Sessions clean-up phase starting NOW
[INFO  - 2021-06-11T02:43:35.480Z] SessionManagerReqHand - _cleanupWindowlessSessions - Asynchronous Sessions clean-up phase starting NOW
[INFO  - 2021-06-11T02:45:59.534Z] SessionManagerReqHand - _cleanupWindowlessSessions - Asynchronous Sessions clean-up phase starting NOW
[INFO  - 2021-06-11T02:47:30.503Z] SessionManagerReqHand - _cleanupWindowlessSessions - Asynchronous Sessions clean-up phase starting NOW
[INFO  - 2021-06-11T02:48:35.499Z] SessionManagerReqHand - _cleanupWindowlessSessions - Asynchronous Sessions clean-up phase starting NOW
[INFO  - 2021-06-11T02:50:59.524Z] SessionManagerReqHand - _cleanupWindowlessSessions - Asynchronous Sessions clean-up phase starting NOW
[INFO  - 2021-06-11T02:52:30.520Z] SessionManagerReqHand - _cleanupWindowlessSessions - Asynchronous Sessions clean-up phase starting NOW
[INFO  - 2021-06-11T02:53:35.516Z] SessionManagerReqHand - _cleanupWindowlessSessions - Asynchronous Sessions clean-up phase starting NOW
[INFO  - 2021-06-11T02:55:59.532Z] SessionManagerReqHand - _cleanupWindowlessSessions - Asynchronous Sessions clean-up phase starting NOW
[INFO  - 2021-06-11T02:57:30.530Z] SessionManagerReqHand - _cleanupWindowlessSessions - Asynchronous Sessions clean-up phase starting NOW
[INFO  - 2021-06-11T02:58:35.516Z] SessionManagerReqHand - _cleanupWindowlessSessions - Asynchronous Sessions clean-up phase starting NOW
[INFO  - 2021-06-11T03:00:59.540Z] SessionManagerReqHand - _cleanupWindowlessSessions - Asynchronous Sessions clean-up phase starting NOW
[INFO  - 2021-06-11T03:02:30.537Z] SessionManagerReqHand - _cleanupWindowlessSessions - Asynchronous Sessions clean-up phase starting NOW
[INFO  - 2021-06-11T03:03:35.524Z] SessionManagerReqHand - _cleanupWindowlessSessions - Asynchronous Sessions clean-up phase starting NOW
[INFO  - 2021-06-11T03:05:59.556Z] SessionManagerReqHand - _cleanupWindowlessSessions - Asynchronous Sessions clean-up phase starting NOW
[INFO  - 2021-06-11T03:07:30.552Z] SessionManagerReqHand - _cleanupWindowlessSessions - Asynchronous Sessions clean-up phase starting NOW
[INFO  - 2021-06-11T03:08:35.539Z] SessionManagerReqHand - _cleanupWindowlessSessions - Asynchronous Sessions clean-up phase starting NOW
[INFO  - 2021-06-11T03:10:59.565Z] SessionManagerReqHand - _cleanupWindowlessSessions - Asynchronous Sessions clean-up phase starting NOW
[INFO  - 2021-06-11T03:12:30.566Z] SessionManagerReqHand - _cleanupWindowlessSessions - Asynchronous Sessions clean-up phase starting NOW
[INFO  - 2021-06-11T03:13:35.549Z] SessionManagerReqHand - _cleanupWindowlessSessions - Asynchronous Sessions clean-up phase starting NOW
[INFO  - 2021-06-11T03:15:59.575Z] SessionManagerReqHand - _cleanupWindowlessSessions - Asynchronous Sessions clean-up phase starting NOW
[INFO  - 2021-06-11T03:17:30.578Z] SessionManagerReqHand - _cleanupWindowlessSessions - Asynchronous Sessions clean-up phase starting NOW
[INFO  - 2021-06-11T03:18:35.559Z] SessionManagerReqHand - _cleanupWindowlessSessions - Asynchronous Sessions clean-up phase starting NOW
[INFO  - 2021-06-11T03:20:59.593Z] SessionManagerReqHand - _cleanupWindowlessSessions - Asynchronous Sessions clean-up phase starting NOW
[INFO  - 2021-06-11T03:22:30.592Z] SessionManagerReqHand - _cleanupWindowlessSessions - Asynchronous Sessions clean-up phase starting NOW
[INFO  - 2021-06-11T03:23:35.573Z] SessionManagerReqHand - _cleanupWindowlessSessions - Asynchronous Sessions clean-up phase starting NOW
[INFO  - 2021-06-11T03:25:59.597Z] SessionManagerReqHand - _cleanupWindowlessSessions - Asynchronous Sessions clean-up phase starting NOW
[INFO  - 2021-06-11T03:27:30.601Z] SessionManagerReqHand - _cleanupWindowlessSessions - Asynchronous Sessions clean-up phase starting NOW
[INFO  - 2021-06-11T03:28:35.582Z] SessionManagerReqHand - _cleanupWindowlessSessions - Asynchronous Sessions clean-up phase starting NOW
[INFO  - 2021-06-11T03:30:59.612Z] SessionManagerReqHand - _cleanupWindowlessSessions - Asynchronous Sessions clean-up phase starting NOW
[INFO  - 2021-06-11T03:32:30.619Z] SessionManagerReqHand - _cleanupWindowlessSessions - Asynchronous Sessions clean-up phase starting NOW
[INFO  - 2021-06-11T03:33:35.592Z] SessionManagerReqHand - _cleanupWindowlessSessions - Asynchronous Sessions clean-up phase starting NOW
[INFO  - 2021-06-11T03:35:59.624Z] SessionManagerReqHand - _cleanupWindowlessSessions - Asynchronous Sessions clean-up phase starting NOW
[INFO  - 2021-06-11T03:37:30.623Z] SessionManagerReqHand - _cleanupWindowlessSessions - Asynchronous Sessions clean-up phase starting NOW
[INFO  - 2021-06-11T03:38:35.604Z] SessionManagerReqHand - _cleanupWindowlessSessions - Asynchronous Sessions clean-up phase starting NOW
[INFO  - 2021-06-11T03:40:59.636Z] SessionManagerReqHand - _cleanupWindowlessSessions - Asynchronous Sessions clean-up phase starting NOW
[INFO  - 2021-06-11T03:42:30.635Z] SessionManagerReqHand - _cleanupWindowlessSessions - Asynchronous Sessions clean-up phase starting NOW
[INFO  - 2021-06-11T03:43:35.652Z] SessionManagerReqHand - _cleanupWindowlessSessions - Asynchronous Sessions clean-up phase starting NOW
[INFO  - 2021-06-11T03:45:59.647Z] SessionManagerReqHand - _cleanupWindowlessSessions - Asynchronous Sessions clean-up phase starting NOW
[INFO  - 2021-06-11T03:47:30.671Z] SessionManagerReqHand - _cleanupWindowlessSessions - Asynchronous Sessions clean-up phase starting NOW
[INFO  - 2021-06-11T03:48:35.665Z] SessionManagerReqHand - _cleanupWindowlessSessions - Asynchronous Sessions clean-up phase starting NOW
[INFO  - 2021-06-11T08:26:17.461Z] SessionManagerReqHand - _cleanupWindowlessSessions - Asynchronous Sessions clean-up phase starting NOW
[INFO  - 2021-06-11T08:27:48.502Z] SessionManagerReqHand - _cleanupWindowlessSessions - Asynchronous Sessions clean-up phase starting NOW
[INFO  - 2021-06-11T08:28:53.437Z] SessionManagerReqHand - _cleanupWindowlessSessions - Asynchronous Sessions clean-up phase starting NOW
[INFO  - 2021-06-11T08:31:17.465Z] SessionManagerReqHand - _cleanupWindowlessSessions - Asynchronous Sessions clean-up phase starting NOW
[INFO  - 2021-06-11T08:32:48.472Z] SessionManagerReqHand - _cleanupWindowlessSessions - Asynchronous Sessions clean-up phase starting NOW
[INFO  - 2021-06-11T08:33:53.453Z] SessionManagerReqHand - _cleanupWindowlessSessions - Asynchronous Sessions clean-up phase starting NOW
